<?xml version="1.0" encoding="UTF-8"?>
<!-- Generated by org.testng.reporters.JUnitReportReporter -->
<testsuite skipped="0" hostname="MREMF1285F42" name="com.test.secondTest" tests="1" failures="0" timestamp="2021-05-20T16:10:52 IST" time="0.011" errors="0">
  <testcase name="test2" time="0.011" classname="com.test.secondTest"/>
  <system-out/>
</testsuite> <!-- com.test.secondTest -->
